<?xml version="1.0" encoding="UTF-8"?>
<testsuite xmlns:xsi="http://www.w3.org/2001/XMLSchema-instance" xsi:noNamespaceSchemaLocation="https://maven.apache.org/surefire/maven-surefire-plugin/xsd/surefire-test-report-3.0.xsd" version="3.0" name="com.example.springcore.service.TrainingServiceTest" time="0.108" tests="11" errors="0" skipped="0" failures="0">
  <properties>
    <property name="java.specification.version" value="21"/>
    <property name="sun.cpu.isalist" value="amd64"/>
    <property name="sun.jnu.encoding" value="Cp1252"/>
    <property name="java.class.path" value="C:\Users\carlo\src\springcore-task\target\test-classes;C:\Users\carlo\src\springcore-task\target\classes;C:\Users\carlo\.m2\repository\org\springframework\spring-context\6.2.7\spring-context-6.2.7.jar;C:\Users\carlo\.m2\repository\org\springframework\spring-aop\6.2.7\spring-aop-6.2.7.jar;C:\Users\carlo\.m2\repository\org\springframework\spring-beans\6.2.7\spring-beans-6.2.7.jar;C:\Users\carlo\.m2\repository\org\springframework\spring-core\6.2.7\spring-core-6.2.7.jar;C:\Users\carlo\.m2\repository\org\springframework\spring-jcl\6.2.7\spring-jcl-6.2.7.jar;C:\Users\carlo\.m2\repository\org\springframework\spring-expression\6.2.7\spring-expression-6.2.7.jar;C:\Users\carlo\.m2\repository\io\micrometer\micrometer-observation\1.14.7\micrometer-observation-1.14.7.jar;C:\Users\carlo\.m2\repository\io\micrometer\micrometer-commons\1.14.7\micrometer-commons-1.14.7.jar;C:\Users\carlo\.m2\repository\org\springframework\spring-test\6.2.7\spring-test-6.2.7.jar;C:\Users\carlo\.m2\repository\javax\annotation\javax.annotation-api\1.3.2\javax.annotation-api-1.3.2.jar;C:\Users\carlo\.m2\repository\org\projectlombok\lombok\1.18.32\lombok-1.18.32.jar;C:\Users\carlo\.m2\repository\org\junit\jupiter\junit-jupiter\5.10.0\junit-jupiter-5.10.0.jar;C:\Users\carlo\.m2\repository\org\junit\jupiter\junit-jupiter-api\5.10.0\junit-jupiter-api-5.10.0.jar;C:\Users\carlo\.m2\repository\org\opentest4j\opentest4j\1.3.0\opentest4j-1.3.0.jar;C:\Users\carlo\.m2\repository\org\junit\platform\junit-platform-commons\1.10.0\junit-platform-commons-1.10.0.jar;C:\Users\carlo\.m2\repository\org\apiguardian\apiguardian-api\1.1.2\apiguardian-api-1.1.2.jar;C:\Users\carlo\.m2\repository\org\junit\jupiter\junit-jupiter-params\5.10.0\junit-jupiter-params-5.10.0.jar;C:\Users\carlo\.m2\repository\org\junit\jupiter\junit-jupiter-engine\5.10.0\junit-jupiter-engine-5.10.0.jar;C:\Users\carlo\.m2\repository\org\junit\platform\junit-platform-engine\1.10.0\junit-platform-engine-1.10.0.jar;C:\Users\carlo\.m2\repository\org\mockito\mockito-core\5.4.0\mockito-core-5.4.0.jar;C:\Users\carlo\.m2\repository\net\bytebuddy\byte-buddy\1.14.5\byte-buddy-1.14.5.jar;C:\Users\carlo\.m2\repository\net\bytebuddy\byte-buddy-agent\1.14.5\byte-buddy-agent-1.14.5.jar;C:\Users\carlo\.m2\repository\org\objenesis\objenesis\3.3\objenesis-3.3.jar;C:\Users\carlo\.m2\repository\org\mockito\mockito-junit-jupiter\5.4.0\mockito-junit-jupiter-5.4.0.jar;C:\Users\carlo\.m2\repository\org\apache\logging\log4j\log4j-api\2.20.0\log4j-api-2.20.0.jar;C:\Users\carlo\.m2\repository\org\apache\logging\log4j\log4j-core\2.20.0\log4j-core-2.20.0.jar;"/>
    <property name="java.vm.vendor" value="Oracle Corporation"/>
    <property name="sun.arch.data.model" value="64"/>
    <property name="user.variant" value=""/>
    <property name="java.vendor.url" value="https://java.oracle.com/"/>
    <property name="user.timezone" value="America/Mexico_City"/>
    <property name="os.name" value="Windows 11"/>
    <property name="java.vm.specification.version" value="21"/>
    <property name="sun.java.launcher" value="SUN_STANDARD"/>
    <property name="user.country" value="MX"/>
    <property name="sun.boot.library.path" value="C:\Program Files\Java\jdk-21\bin"/>
    <property name="sun.java.command" value="C:\Users\carlo\AppData\Local\Temp\surefire16862508877397534930\surefirebooter-20250730133410418_3.jar C:\Users\carlo\AppData\Local\Temp\surefire16862508877397534930 2025-07-30T13-34-10_238-jvmRun1 surefire-20250730133410418_1tmp surefire_0-20250730133410418_2tmp"/>
    <property name="jdk.debug" value="release"/>
    <property name="surefire.test.class.path" value="C:\Users\carlo\src\springcore-task\target\test-classes;C:\Users\carlo\src\springcore-task\target\classes;C:\Users\carlo\.m2\repository\org\springframework\spring-context\6.2.7\spring-context-6.2.7.jar;C:\Users\carlo\.m2\repository\org\springframework\spring-aop\6.2.7\spring-aop-6.2.7.jar;C:\Users\carlo\.m2\repository\org\springframework\spring-beans\6.2.7\spring-beans-6.2.7.jar;C:\Users\carlo\.m2\repository\org\springframework\spring-core\6.2.7\spring-core-6.2.7.jar;C:\Users\carlo\.m2\repository\org\springframework\spring-jcl\6.2.7\spring-jcl-6.2.7.jar;C:\Users\carlo\.m2\repository\org\springframework\spring-expression\6.2.7\spring-expression-6.2.7.jar;C:\Users\carlo\.m2\repository\io\micrometer\micrometer-observation\1.14.7\micrometer-observation-1.14.7.jar;C:\Users\carlo\.m2\repository\io\micrometer\micrometer-commons\1.14.7\micrometer-commons-1.14.7.jar;C:\Users\carlo\.m2\repository\org\springframework\spring-test\6.2.7\spring-test-6.2.7.jar;C:\Users\carlo\.m2\repository\javax\annotation\javax.annotation-api\1.3.2\javax.annotation-api-1.3.2.jar;C:\Users\carlo\.m2\repository\org\projectlombok\lombok\1.18.32\lombok-1.18.32.jar;C:\Users\carlo\.m2\repository\org\junit\jupiter\junit-jupiter\5.10.0\junit-jupiter-5.10.0.jar;C:\Users\carlo\.m2\repository\org\junit\jupiter\junit-jupiter-api\5.10.0\junit-jupiter-api-5.10.0.jar;C:\Users\carlo\.m2\repository\org\opentest4j\opentest4j\1.3.0\opentest4j-1.3.0.jar;C:\Users\carlo\.m2\repository\org\junit\platform\junit-platform-commons\1.10.0\junit-platform-commons-1.10.0.jar;C:\Users\carlo\.m2\repository\org\apiguardian\apiguardian-api\1.1.2\apiguardian-api-1.1.2.jar;C:\Users\carlo\.m2\repository\org\junit\jupiter\junit-jupiter-params\5.10.0\junit-jupiter-params-5.10.0.jar;C:\Users\carlo\.m2\repository\org\junit\jupiter\junit-jupiter-engine\5.10.0\junit-jupiter-engine-5.10.0.jar;C:\Users\carlo\.m2\repository\org\junit\platform\junit-platform-engine\1.10.0\junit-platform-engine-1.10.0.jar;C:\Users\carlo\.m2\repository\org\mockito\mockito-core\5.4.0\mockito-core-5.4.0.jar;C:\Users\carlo\.m2\repository\net\bytebuddy\byte-buddy\1.14.5\byte-buddy-1.14.5.jar;C:\Users\carlo\.m2\repository\net\bytebuddy\byte-buddy-agent\1.14.5\byte-buddy-agent-1.14.5.jar;C:\Users\carlo\.m2\repository\org\objenesis\objenesis\3.3\objenesis-3.3.jar;C:\Users\carlo\.m2\repository\org\mockito\mockito-junit-jupiter\5.4.0\mockito-junit-jupiter-5.4.0.jar;C:\Users\carlo\.m2\repository\org\apache\logging\log4j\log4j-api\2.20.0\log4j-api-2.20.0.jar;C:\Users\carlo\.m2\repository\org\apache\logging\log4j\log4j-core\2.20.0\log4j-core-2.20.0.jar;"/>
    <property name="sun.cpu.endian" value="little"/>
    <property name="user.home" value="C:\Users\carlo"/>
    <property name="user.language" value="es"/>
    <property name="java.specification.vendor" value="Oracle Corporation"/>
    <property name="java.version.date" value="2024-04-16"/>
    <property name="java.home" value="C:\Program Files\Java\jdk-21"/>
    <property name="file.separator" value="\"/>
    <property name="basedir" value="C:\Users\carlo\src\springcore-task"/>
    <property name="java.vm.compressedOopsMode" value="Zero based"/>
    <property name="line.separator" value="&#10;"/>
    <property name="java.vm.specification.vendor" value="Oracle Corporation"/>
    <property name="java.specification.name" value="Java Platform API Specification"/>
    <property name="surefire.real.class.path" value="C:\Users\carlo\AppData\Local\Temp\surefire16862508877397534930\surefirebooter-20250730133410418_3.jar"/>
    <property name="user.script" value=""/>
    <property name="sun.management.compiler" value="HotSpot 64-Bit Tiered Compilers"/>
    <property name="java.runtime.version" value="21.0.3+7-LTS-152"/>
    <property name="user.name" value="carlo"/>
    <property name="stdout.encoding" value="Cp1252"/>
    <property name="path.separator" value=";"/>
    <property name="os.version" value="10.0"/>
    <property name="java.runtime.name" value="Java(TM) SE Runtime Environment"/>
    <property name="file.encoding" value="UTF-8"/>
    <property name="java.vm.name" value="Java HotSpot(TM) 64-Bit Server VM"/>
    <property name="localRepository" value="C:\Users\carlo\.m2\repository"/>
    <property name="java.vendor.url.bug" value="https://bugreport.java.com/bugreport/"/>
    <property name="java.io.tmpdir" value="C:\Users\carlo\AppData\Local\Temp\"/>
    <property name="idea.version" value="2024.1.3"/>
    <property name="java.version" value="21.0.3"/>
    <property name="user.dir" value="C:\Users\carlo\src\springcore-task"/>
    <property name="os.arch" value="amd64"/>
    <property name="java.vm.specification.name" value="Java Virtual Machine Specification"/>
    <property name="sun.os.patch.level" value=""/>
    <property name="native.encoding" value="Cp1252"/>
    <property name="java.library.path" value="C:\Program Files\Java\jdk-21\bin;C:\WINDOWS\Sun\Java\bin;C:\WINDOWS\system32;C:\WINDOWS;C:\Program Files\Common Files\Oracle\Java\javapath;C:\WINDOWS\system32;C:\WINDOWS;C:\WINDOWS\System32\Wbem;C:\WINDOWS\System32\WindowsPowerShell\v1.0\;C:\WINDOWS\System32\OpenSSH\;C:\Users\carlo\AppData\Roaming\nvm;C:\Program Files\nodejs;C:\Program Files\Git\cmd;C:\Program Files\Docker\Docker\resources\bin;C:\Program Files\Microsoft SQL Server\150\Tools\Binn\;C:\Program Files\Microsoft SQL Server\Client SDK\ODBC\170\Tools\Binn\;C:\Program Files\dotnet\;C:\Program Files (x86)\Microsoft SQL Server\160\Tools\Binn\;C:\Program Files\Microsoft SQL Server\160\Tools\Binn\;C:\Program Files\Microsoft SQL Server\160\DTS\Binn\;C:\Program Files (x86)\Microsoft SQL Server\160\DTS\Binn\;C:\maven\bin;C:\Users\carlo\AppData\Local\Programs\Python\Python311\Scripts\;C:\Users\carlo\AppData\Local\Programs\Python\Python311\;C:\Users\carlo\AppData\Local\Microsoft\WindowsApps;C:\Users\carlo\AppData\Local\Programs\Microsoft VS Code\bin;C:\Users\carlo\AppData\Roaming\nvm;C:\Program Files\nodejs;C:\Program Files\PostgreSQL\16\bin;C:\Program Files\MySQL\MySQL Server 8.0\bin;C:\Program Files\MySQL\MySQL Shell 8.0\bin;C:\Users\carlo\SQLite\sqlite-tools-win-x64-3450200;C:\Program Files\MongoDB\Tools\100\bin;C:\Users\carlo\AppData\Local\Android\Sdk\platform-tools;C:\Program Files\JetBrains\IntelliJ IDEA 2024.1.3\bin;;C:\MinGW\bin;C:\Users\carlo\.dotnet\tools;;."/>
    <property name="java.vm.info" value="mixed mode, sharing"/>
    <property name="stderr.encoding" value="Cp1252"/>
    <property name="java.vendor" value="Oracle Corporation"/>
    <property name="java.vm.version" value="21.0.3+7-LTS-152"/>
    <property name="sun.io.unicode.encoding" value="UnicodeLittle"/>
    <property name="java.class.version" value="65.0"/>
  </properties>
  <testcase name="testGetByTraineeId" classname="com.example.springcore.service.TrainingServiceTest" time="0.054">
    <system-out><![CDATA[13:34:16 INFO  com.example.springcore.service.TrainingService - Getting trainings by traineeId: 20
]]></system-out>
  </testcase>
  <testcase name="testGetByTrainerId" classname="com.example.springcore.service.TrainingServiceTest" time="0.003">
    <system-out><![CDATA[13:34:16 INFO  com.example.springcore.service.TrainingService - Getting trainings by trainerId: 10
]]></system-out>
  </testcase>
  <testcase name="testGetById_notFound" classname="com.example.springcore.service.TrainingServiceTest" time="0.006">
    <system-out><![CDATA[13:34:16 INFO  com.example.springcore.service.TrainingService - Getting training with id: 1
]]></system-out>
  </testcase>
  <testcase name="testDeleteById_notFound" classname="com.example.springcore.service.TrainingServiceTest" time="0.004">
    <system-out><![CDATA[13:34:16 INFO  com.example.springcore.service.TrainingService - Deleting training with id: 1
13:34:16 WARN  com.example.springcore.service.TrainingService - Training with id 1 not found. Nothing was deleted.
]]></system-out>
  </testcase>
  <testcase name="testGetByTrainingType" classname="com.example.springcore.service.TrainingServiceTest" time="0.004">
    <system-out><![CDATA[13:34:16 INFO  com.example.springcore.service.TrainingService - Getting trainings by trainingType: STRENGTH
]]></system-out>
  </testcase>
  <testcase name="testGetById_found" classname="com.example.springcore.service.TrainingServiceTest" time="0.003">
    <system-out><![CDATA[13:34:16 INFO  com.example.springcore.service.TrainingService - Getting training with id: 1
]]></system-out>
  </testcase>
  <testcase name="testDeleteById_found" classname="com.example.springcore.service.TrainingServiceTest" time="0.007">
    <system-out><![CDATA[13:34:16 INFO  com.example.springcore.service.TrainingService - Deleting training with id: 1
13:34:16 INFO  com.example.springcore.service.TrainingService - Deleted training: Training(id=1, traineeId=null, trainerId=null, trainingType=null, trainingName=null, date=null, duration=null)
]]></system-out>
  </testcase>
  <testcase name="testUpdate_found" classname="com.example.springcore.service.TrainingServiceTest" time="0.003">
    <system-out><![CDATA[13:34:16 INFO  com.example.springcore.service.TrainingService - Updating training: Training(id=1, traineeId=null, trainerId=null, trainingType=null, trainingName=Pilates, date=null, duration=null)
13:34:16 INFO  com.example.springcore.service.TrainingService - Training updated successfully: Training(id=1, traineeId=null, trainerId=null, trainingType=null, trainingName=Pilates, date=null, duration=null)
]]></system-out>
  </testcase>
  <testcase name="testUpdate_notFound" classname="com.example.springcore.service.TrainingServiceTest" time="0.005">
    <system-out><![CDATA[13:34:16 INFO  com.example.springcore.service.TrainingService - Updating training: Training(id=1, traineeId=null, trainerId=null, trainingType=null, trainingName=Pilates, date=null, duration=null)
13:34:16 WARN  com.example.springcore.service.TrainingService - Training update failed. Training not found: Training(id=1, traineeId=null, trainerId=null, trainingType=null, trainingName=Pilates, date=null, duration=null)
]]></system-out>
  </testcase>
  <testcase name="testCreate" classname="com.example.springcore.service.TrainingServiceTest" time="0.007">
    <system-out><![CDATA[13:34:16 INFO  com.example.springcore.service.TrainingService - Creating training: Training(id=null, traineeId=null, trainerId=null, trainingType=null, trainingName=Yoga, date=null, duration=null)
13:34:16 INFO  com.example.springcore.service.TrainingService - Training created successfully: Training(id=1, traineeId=null, trainerId=null, trainingType=null, trainingName=Yoga, date=null, duration=null)
]]></system-out>
  </testcase>
  <testcase name="testGetAll" classname="com.example.springcore.service.TrainingServiceTest" time="0.004">
    <system-out><![CDATA[13:34:16 INFO  com.example.springcore.service.TrainingService - Getting all trainings
]]></system-out>
  </testcase>
</testsuite>